#
# There is insufficient memory for the Java Runtime Environment to continue.
# Native memory allocation (mmap) failed to map 264241152 bytes for G1 virtual space
# Possible reasons:
#   The system is out of physical RAM or swap space
#   The process is running with CompressedOops enabled, and the Java Heap may be blocking the growth of the native heap
# Possible solutions:
#   Reduce memory load on the system
#   Increase physical memory or swap space
#   Check if swap backing store is full
#   Decrease Java heap size (-Xmx/-Xms)
#   Decrease number of Java threads
#   Decrease Java thread stack sizes (-Xss)
#   Set larger code cache with -XX:ReservedCodeCacheSize=
#   JVM is running with Unscaled Compressed Oops mode in which the Java heap is
#     placed in the first 4GB address space. The Java Heap base address is the
#     maximum limit for the native heap growth. Please use -XX:HeapBaseMinAddress
#     to set the Java Heap base and to place the Java Heap above 4GB virtual address.
# This output file may be truncated or incomplete.
#
#  Out of Memory Error (os_windows.cpp:3548), pid=16516, tid=8480
#
# JRE version:  (17.0.10+11) (build )
# Java VM: Java HotSpot(TM) 64-Bit Server VM (17.0.10+11-LTS-240, mixed mode, sharing, tiered, compressed oops, compressed class ptrs, g1 gc, windows-amd64)
# No core dump will be written. Minidumps are not enabled by default on client versions of Windows
#

---------------  S U M M A R Y ------------

Command Line: -Dorg.gradle.internal.worker.tmpdir=C:\Users\khoon\Desktop\demo\build\tmp\test\work -Xmx512m -Dfile.encoding=x-windows-949 -Duser.country=KR -Duser.language=ko -Duser.variant -ea worker.org.gradle.process.internal.worker.GradleWorkerMain 'Gradle Test Executor 1'

Host: 13th Gen Intel(R) Core(TM) i5-1335U, 12 cores, 15G,  Windows 10 , 64 bit Build 19041 (10.0.19041.5678)
Time: Mon May  5 22:13:25 2025  Windows 10 , 64 bit Build 19041 (10.0.19041.5678) elapsed time: 0.018972 seconds (0d 0h 0m 0s)

---------------  T H R E A D  ---------------

Current thread (0x00000295228e3960):  JavaThread "Unknown thread" [_thread_in_vm, id=8480, stack(0x000000fd00a00000,0x000000fd00b00000)]

Stack: [0x000000fd00a00000,0x000000fd00b00000]
Native frames: (J=compiled Java code, j=interpreted, Vv=VM code, C=native code)
V  [jvm.dll+0x677a5a]
V  [jvm.dll+0x7d8b2d]
V  [jvm.dll+0x7da48e]
V  [jvm.dll+0x7daaf3]
V  [jvm.dll+0x2455ff]
V  [jvm.dll+0x6749b9]
V  [jvm.dll+0x669382]
V  [jvm.dll+0x302e96]
V  [jvm.dll+0x30a416]
V  [jvm.dll+0x359cbe]
V  [jvm.dll+0x359eef]
V  [jvm.dll+0x2d9e88]
V  [jvm.dll+0x2dadf4]
V  [jvm.dll+0x7aa551]
V  [jvm.dll+0x367911]
V  [jvm.dll+0x789639]
V  [jvm.dll+0x3eb30f]
V  [jvm.dll+0x3ecd91]
C  [jli.dll+0x5297]
C  [ucrtbase.dll+0x21bb2]
C  [KERNEL32.DLL+0x17374]
C  [ntdll.dll+0x4cc91]


---------------  P R O C E S S  ---------------

Threads class SMR info:
_java_thread_list=0x00007ffe45196a18, length=0, elements={
}

Java Threads: ( => current thread )

Other Threads:
  0x0000029522912c20 GCTaskThread "GC Thread#0" [stack: 0x000000fd00b00000,0x000000fd00c00000] [id=12356]
  0x00000295229199a0 ConcurrentGCThread "G1 Main Marker" [stack: 0x000000fd00c00000,0x000000fd00d00000] [id=6248]
  0x000002952291a960 ConcurrentGCThread "G1 Conc#0" [stack: 0x000000fd00d00000,0x000000fd00e00000] [id=16208]

[error occurred during error reporting (printing all threads), id 0xc0000005, EXCEPTION_ACCESS_VIOLATION (0xc0000005) at pc=0x00007ffe449caae7]

VM state: not at safepoint (not fully initialized)

VM Mutex/Monitor currently owned by a thread:  ([mutex/lock_event])
[0x00000295228e0950] Heap_lock - owner thread: 0x00000295228e3960

Heap address: 0x00000000e0000000, size: 512 MB, Compressed Oops mode: 32-bit

CDS archive(s) mapped at: [0x0000000000000000-0x0000000000000000-0x0000000000000000), size 0, SharedBaseAddress: 0x0000000800000000, ArchiveRelocationMode: 1.
Narrow klass base: 0x0000000000000000, Narrow klass shift: 0, Narrow klass range: 0x0

GC Precious Log:
<Empty>

Heap:
 garbage-first heap   total 0K, used 0K [0x00000000e0000000, 0x0000000100000000)
  region size 1024K, 0 young (0K), 0 survivors (0K)

[error occurred during error reporting (printing heap information), id 0xc0000005, EXCEPTION_ACCESS_VIOLATION (0xc0000005) at pc=0x00007ffe44db1249]

GC Heap History (0 events):
No events

Deoptimization events (0 events):
No events

Classes unloaded (0 events):
No events

Classes redefined (0 events):
No events

Internal exceptions (0 events):
No events

VM Operations (0 events):
No events

Events (1 events):
Event: 0.010 Loaded shared library C:\Program Files\Java\jdk-17\bin\java.dll


Dynamic libraries:
0x00007ff7a7cd0000 - 0x00007ff7a7ce0000 	C:\Program Files\Java\jdk-17\bin\java.exe
0x00007ffec7070000 - 0x00007ffec7268000 	C:\Windows\SYSTEM32\ntdll.dll
0x00007ffec5990000 - 0x00007ffec5a52000 	C:\Windows\System32\KERNEL32.DLL
0x00007ffec4bd0000 - 0x00007ffec4ec6000 	C:\Windows\System32\KERNELBASE.dll
0x00007ffec4ad0000 - 0x00007ffec4bd0000 	C:\Windows\System32\ucrtbase.dll
0x00007ffeb72d0000 - 0x00007ffeb72eb000 	C:\Program Files\Java\jdk-17\bin\VCRUNTIME140.dll
0x00007ffeb3da0000 - 0x00007ffeb3db9000 	C:\Program Files\Java\jdk-17\bin\jli.dll
0x00007ffec5cc0000 - 0x00007ffec5d6f000 	C:\Windows\System32\ADVAPI32.dll
0x00007ffec6d10000 - 0x00007ffec6dae000 	C:\Windows\System32\msvcrt.dll
0x00007ffec5790000 - 0x00007ffec582f000 	C:\Windows\System32\sechost.dll
0x00007ffec6ed0000 - 0x00007ffec6ff3000 	C:\Windows\System32\RPCRT4.dll
0x00007ffec4750000 - 0x00007ffec4777000 	C:\Windows\System32\bcrypt.dll
0x00007ffec5dd0000 - 0x00007ffec5f6d000 	C:\Windows\System32\USER32.dll
0x00007ffec4780000 - 0x00007ffec47a2000 	C:\Windows\System32\win32u.dll
0x00007ffec6c80000 - 0x00007ffec6cab000 	C:\Windows\System32\GDI32.dll
0x00007ffeac2e0000 - 0x00007ffeac57a000 	C:\Windows\WinSxS\amd64_microsoft.windows.common-controls_6595b64144ccf1df_6.0.19041.4355_none_60b8b9eb71f62e16\COMCTL32.dll
0x00007ffec49b0000 - 0x00007ffec4aca000 	C:\Windows\System32\gdi32full.dll
0x00007ffec4910000 - 0x00007ffec49ad000 	C:\Windows\System32\msvcp_win.dll
0x00007ffeab4d0000 - 0x00007ffeab4da000 	C:\Windows\SYSTEM32\VERSION.dll
0x00007ffec7000000 - 0x00007ffec702f000 	C:\Windows\System32\IMM32.DLL
0x00007ffeb3d90000 - 0x00007ffeb3d9c000 	C:\Program Files\Java\jdk-17\bin\vcruntime140_1.dll
0x00007ffe8f510000 - 0x00007ffe8f59e000 	C:\Program Files\Java\jdk-17\bin\msvcp140.dll
0x00007ffe446e0000 - 0x00007ffe452bf000 	C:\Program Files\Java\jdk-17\bin\server\jvm.dll
0x00007ffec5240000 - 0x00007ffec5248000 	C:\Windows\System32\PSAPI.DLL
0x00007ffebb950000 - 0x00007ffebb959000 	C:\Windows\SYSTEM32\WSOCK32.dll
0x00007ffeb7590000 - 0x00007ffeb75b7000 	C:\Windows\SYSTEM32\WINMM.dll
0x00007ffec5c50000 - 0x00007ffec5cbb000 	C:\Windows\System32\WS2_32.dll
0x00007ffec2ee0000 - 0x00007ffec2ef2000 	C:\Windows\SYSTEM32\kernel.appcore.dll
0x00007ffeb3bd0000 - 0x00007ffeb3bda000 	C:\Program Files\Java\jdk-17\bin\jimage.dll
0x00007ffec2c20000 - 0x00007ffec2e04000 	C:\Windows\SYSTEM32\DBGHELP.DLL
0x00007ffeb7550000 - 0x00007ffeb7584000 	C:\Windows\SYSTEM32\dbgcore.DLL
0x00007ffec4f80000 - 0x00007ffec5002000 	C:\Windows\System32\bcryptPrimitives.dll
0x00007ffe96080000 - 0x00007ffe960a5000 	C:\Program Files\Java\jdk-17\bin\java.dll

dbghelp: loaded successfully - version: 4.0.5 - missing functions: none
symbol engine: initialized successfully - sym options: 0x614 - pdb path: .;C:\Program Files\Java\jdk-17\bin;C:\Windows\SYSTEM32;C:\Windows\WinSxS\amd64_microsoft.windows.common-controls_6595b64144ccf1df_6.0.19041.4355_none_60b8b9eb71f62e16;C:\Program Files\Java\jdk-17\bin\server

VM Arguments:
jvm_args: -Dorg.gradle.internal.worker.tmpdir=C:\Users\khoon\Desktop\demo\build\tmp\test\work -Xmx512m -Dfile.encoding=x-windows-949 -Duser.country=KR -Duser.language=ko -Duser.variant -ea 
java_command: worker.org.gradle.process.internal.worker.GradleWorkerMain 'Gradle Test Executor 1'
java_class_path (initial): C:\\Users\\khoon\\.gradle\\caches\\8.13\\workerMain\\gradle-worker.jar;C:\\Users\\khoon\\Desktop\\demo\\build\\classes\\java\\test;C:\\Users\\khoon\\Desktop\\demo\\build\\classes\\java\\main;C:\\Users\\khoon\\Desktop\\demo\\build\\resources\\main;C:\\Users\\khoon\\.gradle\\caches\\modules-2\\files-2.1\\org.springframework.boot\\spring-boot-starter-web\\3.4.4\\441c0c71f38783c1d34b8bac5f06f1fa6b103274\\spring-boot-starter-web-3.4.4.jar;C:\\Users\\khoon\\.gradle\\caches\\modules-2\\files-2.1\\com.mysql\\mysql-connector-j\\8.3.0\\1cc7fa5d61f4bbc113531a4ba6d85d41cf3d57e1\\mysql-connector-j-8.3.0.jar;C:\\Users\\khoon\\.gradle\\caches\\modules-2\\files-2.1\\org.springframework.boot\\spring-boot-starter-data-jpa\\3.4.4\\7e0ab04a0aa460295c7a2e485c7809a733469824\\spring-boot-starter-data-jpa-3.4.4.jar;C:\\Users\\khoon\\.gradle\\caches\\modules-2\\files-2.1\\org.mariadb.jdbc\\mariadb-java-client\\3.4.1\\7599bff3a38ae943d8e055848b3fe943772b12c9\\mariadb-java-client-3.4.1.jar;C:\\Users\\khoon\\.gradle\\caches\\modules-2\\files-2.1\\org.springframework.boot\\spring-boot-starter-test\\3.4.4\\4cb1fd0bdc34459bf389df17620e339897d1439c\\spring-boot-starter-test-3.4.4.jar;C:\\Users\\khoon\\.gradle\\caches\\modules-2\\files-2.1\\org.junit.jupiter\\junit-jupiter\\5.11.4\\a699f024a4a4706b36bddbeb42d499aff9e09379\\junit-jupiter-5.11.4.jar;C:\\Users\\khoon\\.gradle\\caches\\modules-2\\files-2.1\\org.junit.jupiter\\junit-jupiter-engine\\5.11.4\\dc10ec209623986a68ea07f67cdc7d2a65a60355\\junit-jupiter-engine-5.11.4.jar;C:\\Users\\khoon\\.gradle\\caches\\modules-2\\files-2.1\\org.junit.platform\\junit-platform-engine\\1.11.4\\21f61b123ad6ac8f7e73971bff3a096c8d8e1cd0\\junit-platform-engine-1.11.4.jar;C:\\Users\\khoon\\.gradle\\caches\\modules-2\\files-2.1\\org.mockito\\mockito-junit-jupiter\\5.14.2\\3cfc377d4bb9fe729f3dd9098d9a9b27da58324a\\mockito-junit-jupiter-5.14.2.jar;C:\\Users\\khoon\\.gradle\\caches\\modules-2\\files-2.1\\org.junit.jupiter\\junit-jupiter-param
Launcher Type: SUN_STANDARD

[Global flags]
     intx CICompilerCount                          = 4                                         {product} {ergonomic}
     uint ConcGCThreads                            = 3                                         {product} {ergonomic}
     uint G1ConcRefinementThreads                  = 10                                        {product} {ergonomic}
   size_t G1HeapRegionSize                         = 1048576                                   {product} {ergonomic}
    uintx GCDrainStackTargetSize                   = 64                                        {product} {ergonomic}
   size_t InitialHeapSize                          = 264241152                                 {product} {ergonomic}
   size_t MarkStackSize                            = 4194304                                   {product} {ergonomic}
   size_t MaxHeapSize                              = 536870912                                 {product} {command line}
   size_t MinHeapDeltaBytes                        = 1048576                                   {product} {ergonomic}
   size_t MinHeapSize                              = 8388608                                   {product} {ergonomic}
    uintx NonNMethodCodeHeapSize                   = 5839372                                {pd product} {ergonomic}
    uintx NonProfiledCodeHeapSize                  = 122909434                              {pd product} {ergonomic}
    uintx ProfiledCodeHeapSize                     = 122909434                              {pd product} {ergonomic}
    uintx ReservedCodeCacheSize                    = 251658240                              {pd product} {ergonomic}
     bool SegmentedCodeCache                       = true                                      {product} {ergonomic}
   size_t SoftMaxHeapSize                          = 536870912                              {manageable} {ergonomic}
     bool UseCompressedClassPointers               = true                           {product lp64_product} {ergonomic}
     bool UseCompressedOops                        = true                           {product lp64_product} {ergonomic}
     bool UseG1GC                                  = true                                      {product} {ergonomic}
     bool UseLargePagesIndividualAllocation        = false                                  {pd product} {ergonomic}

Logging:
Log output configuration:
 #0: stdout all=warning uptime,level,tags
 #1: stderr all=off uptime,level,tags

Environment Variables:
JAVA_HOME=C:\Program Files\Java\jdk-17
CLASSPATH=C:\Users\khoon\Desktop\demo\\gradle\wrapper\gradle-wrapper.jar
PATH=c:\Users\khoon\AppData\Local\Programs\cursor\resources\app\bin;C:\Program Files (x86)\NAT Service;C:\Python27\;C:\Program Files\Java\jdk-17\bin;C:\Program Files\Common Files\Oracle\Java\javapath;C:\Program Files (x86)\Common Files\Oracle\Java\java8path;C:\Program Files (x86)\Common Files\Oracle\Java\javapath;C:\Windows\system32;C:\Windows;C:\Windows\System32\Wbem;C:\Windows\System32\WindowsPowerShell\v1.0\;C:\Windows\System32\OpenSSH\;C:\Program Files\Bandizip\;C:\Program Files\dotnet\;C:\Program Files\Java\scripts;C:\Program Files\nodejs\;C:\Program Files\PuTTY\;C:\Program Files\MATLAB\R2024b\bin;C:\Program Files (x86)\Yarn\bin\;C:\Users\khoon\AppData\Local\Microsoft\WindowsApps;C:\Program Files\JetBrains\IntelliJ IDEA Community Edition 2023.3.4\bin;C:\Users\khoon\AppData\Local\GitHubDesktop\bin;C:\Program Files\JetBrains\PyCharm Community Edition 2023.3.4\bin;C:\Users\khoon\AppData\Roaming\npm;C:\Users\khoon\AppData\Local\JetBrains\Toolbo;C:\Program Files\Git\cmd;C:\Program Files\Sunshine;C:\Program Files\Sunshine\tools;C:\Users\khoon\AppData\Local\Microsoft\WindowsApps;C:\Program Files\JetBrains\IntelliJ IDEA Community Edition 2023.3.4\bin;C:\Users\khoon\AppData\Local\GitHubDesktop\bin;C:\Program Files\JetBrains\PyCharm Community Edition 2023.3.4\bin;C:\Users\khoon\AppData\Local\Programs\Microsoft VS Code\bin;C:\Users\khoon\AppData\Roaming\npm;C:\Users\khoon\AppData\Local\JetBrains\Toolbox\scripts;C:\Users\khoon\AppData\Local\Yarn\bin
USERNAME=khoon
OS=Windows_NT
PROCESSOR_IDENTIFIER=Intel64 Family 6 Model 186 Stepping 3, GenuineIntel



---------------  S Y S T E M  ---------------

OS:
 Windows 10 , 64 bit Build 19041 (10.0.19041.5678)
OS uptime: 0 days 3:46 hours
Hyper-V role detected

CPU: total 12 (initial active 12) (6 cores per cpu, 2 threads per core) family 6 model 186 stepping 3 microcode 0x411c, cx8, cmov, fxsr, ht, mmx, 3dnowpref, sse, sse2, sse3, ssse3, sse4.1, sse4.2, popcnt, lzcnt, tsc, tscinvbit, avx, avx2, aes, erms, clmul, bmi1, bmi2, adx, sha, fma, vzeroupper, clflush, clflushopt, clwb, hv

Memory: 4k page, system-wide physical 16098M (4257M free)
TotalPageFile size 18108M (AvailPageFile size 241M)
current process WorkingSet (physical memory assigned to process): 10M, peak: 10M
current process commit charge ("private bytes"): 63M, peak: 315M

vm_info: Java HotSpot(TM) 64-Bit Server VM (17.0.10+11-LTS-240) for windows-amd64 JRE (17.0.10+11-LTS-240), built on Dec 19 2023 21:47:25 by "mach5one" with MS VC++ 17.1 (VS2022)

END.
